<?xml version="1.0" encoding="UTF-8"?>
<!-- Generated by org.testng.reporters.JUnitReportReporter -->
<testsuite hostname="Abhisheks-MacBook-Air.local" failures="0" tests="4" name="test.SampleTest" time="0.005" errors="0" timestamp="2025-02-02T11:01:55 IST" skipped="0">
  <testcase classname="test.SampleTest" name="testCart" time="0.002"/>
  <system-out/>
  <testcase classname="test.SampleTest" name="testPrime" time="0.001"/>
  <system-out/>
  <testcase classname="test.SampleTest" name="testSearch" time="0.002"/>
  <system-out/>
  <testcase classname="test.SampleTest" name="testLogin" time="0.000"/>
  <system-out/>
</testsuite> <!-- test.SampleTest -->
