<?xml version="1.0" encoding="UTF-8"?>
<!-- Generated by org.testng.reporters.JUnitReportReporter -->
<testsuite hostname="Abhisheks-MacBook-Air.local" failures="0" tests="1" name="test.LoginTest" time="0.002" errors="0" timestamp="2025-02-02T10:17:58 IST" skipped="0">
  <testcase classname="test.LoginTest" name="userlogin" time="0.002"/>
  <system-out/>
</testsuite> <!-- test.LoginTest -->
