<?xml version="1.0" encoding="UTF-8"?>
<!-- Generated by org.testng.reporters.JUnitReportReporter -->
<testsuite hostname="DESKTOP-0NHGRIB" failures="0" tests="1" name="test.AmazonTest6" time="11.022" errors="0" timestamp="2025-02-16T17:36:08 IST" skipped="0">
  <testcase classname="test.AmazonTest6" name="testAddToCart" time="11.022"/>
  <system-out/>
</testsuite> <!-- test.AmazonTest6 -->
