<?xml version="1.0" encoding="UTF-8"?>
<!-- Generated by org.testng.reporters.JUnitReportReporter -->
<testsuite hostname="DESKTOP-0NHGRIB" failures="0" tests="1" name="test.AmazonTest1" time="0.036" errors="0" timestamp="2025-03-08T13:28:05 IST" skipped="0">
  <testcase classname="test.AmazonTest1" name="AmazonTc1" time="0.036"/>
  <system-out/>
</testsuite> <!-- test.AmazonTest1 -->
